SLF4J: Class path contains multiple SLF4J bindings.
SLF4J: Found binding in [jar:file:/home/zhanhui/code/javaprogram/text2voice/target/text2voice-0.0.1-SNAPSHOT.jar!/BOOT-INF/lib/logback-classic-1.2.3.jar!/org/slf4j/impl/StaticLoggerBinder.class]
SLF4J: Found binding in [jar:file:/home/zhanhui/code/javaprogram/text2voice/target/text2voice-0.0.1-SNAPSHOT.jar!/BOOT-INF/lib/slf4j-log4j12-1.7.25.jar!/org/slf4j/impl/StaticLoggerBinder.class]
SLF4J: See http://www.slf4j.org/codes.html#multiple_bindings for an explanation.
SLF4J: Actual binding is of type [ch.qos.logback.classic.util.ContextSelectorStaticBinder]

  .   ____          _            __ _ _
 /\\ / ___'_ __ _ _(_)_ __  __ _ \ \ \ \
( ( )\___ | '_ | '_| | '_ \/ _` | \ \ \ \
 \\/  ___)| |_)| | | | | || (_| |  ) ) ) )
  '  |____| .__|_| |_|_| |_\__, | / / / /
 =========|_|==============|___/=/_/_/_/
 :: Spring Boot ::        (v2.3.7.RELEASE)

2022-06-27 09:37:12.846  INFO 2123351 --- [           main] c.e.text2voice.Text2voiceApplication     : Starting Text2voiceApplication on VM-4-6-ubuntu with PID 2123351 (/home/zhanhui/code/javaprogram/text2voice/target/text2voice-0.0.1-SNAPSHOT.jar started by zhanhui in /home/zhanhui/code/javaprogram/text2voice)
2022-06-27 09:37:12.851  INFO 2123351 --- [           main] c.e.text2voice.Text2voiceApplication     : No active profile set, falling back to default profiles: default
2022-06-27 09:37:14.470  INFO 2123351 --- [           main] o.s.b.w.embedded.tomcat.TomcatWebServer  : Tomcat initialized with port(s): 8080 (http)
2022-06-27 09:37:14.488  INFO 2123351 --- [           main] o.apache.catalina.core.StandardService   : Starting service [Tomcat]
2022-06-27 09:37:14.489  INFO 2123351 --- [           main] org.apache.catalina.core.StandardEngine  : Starting Servlet engine: [Apache Tomcat/9.0.41]
2022-06-27 09:37:14.582  INFO 2123351 --- [           main] o.a.c.c.C.[Tomcat].[localhost].[/]       : Initializing Spring embedded WebApplicationContext
2022-06-27 09:37:14.582  INFO 2123351 --- [           main] w.s.c.ServletWebServerApplicationContext : Root WebApplicationContext: initialization completed in 1637 ms
2022-06-27 09:37:14.847  INFO 2123351 --- [           main] o.s.s.concurrent.ThreadPoolTaskExecutor  : Initializing ExecutorService 'applicationTaskExecutor'
2022-06-27 09:37:15.157  INFO 2123351 --- [           main] o.s.b.w.embedded.tomcat.TomcatWebServer  : Tomcat started on port(s): 8080 (http) with context path ''
2022-06-27 09:37:15.172  INFO 2123351 --- [           main] c.e.text2voice.Text2voiceApplication     : Started Text2voiceApplication in 3.019 seconds (JVM running for 3.585)
2022-06-27 09:37:27.763  INFO 2123351 --- [extShutdownHook] o.s.s.concurrent.ThreadPoolTaskExecutor  : Shutting down ExecutorService 'applicationTaskExecutor'
SLF4J: Class path contains multiple SLF4J bindings.
SLF4J: Found binding in [jar:file:/home/zhanhui/code/javaprogram/text2voice/target/text2voice-0.0.1-SNAPSHOT.jar!/BOOT-INF/lib/logback-classic-1.2.3.jar!/org/slf4j/impl/StaticLoggerBinder.class]
SLF4J: Found binding in [jar:file:/home/zhanhui/code/javaprogram/text2voice/target/text2voice-0.0.1-SNAPSHOT.jar!/BOOT-INF/lib/slf4j-log4j12-1.7.25.jar!/org/slf4j/impl/StaticLoggerBinder.class]
SLF4J: See http://www.slf4j.org/codes.html#multiple_bindings for an explanation.
SLF4J: Actual binding is of type [ch.qos.logback.classic.util.ContextSelectorStaticBinder]

  .   ____          _            __ _ _
 /\\ / ___'_ __ _ _(_)_ __  __ _ \ \ \ \
( ( )\___ | '_ | '_| | '_ \/ _` | \ \ \ \
 \\/  ___)| |_)| | | | | || (_| |  ) ) ) )
  '  |____| .__|_| |_|_| |_\__, | / / / /
 =========|_|==============|___/=/_/_/_/
 :: Spring Boot ::        (v2.3.7.RELEASE)

2022-06-27 09:37:31.003  INFO 2123493 --- [           main] c.e.text2voice.Text2voiceApplication     : Starting Text2voiceApplication on VM-4-6-ubuntu with PID 2123493 (/home/zhanhui/code/javaprogram/text2voice/target/text2voice-0.0.1-SNAPSHOT.jar started by zhanhui in /home/zhanhui/code/javaprogram/text2voice)
2022-06-27 09:37:31.007  INFO 2123493 --- [           main] c.e.text2voice.Text2voiceApplication     : No active profile set, falling back to default profiles: default
2022-06-27 09:37:32.618  INFO 2123493 --- [           main] o.s.b.w.embedded.tomcat.TomcatWebServer  : Tomcat initialized with port(s): 8080 (http)
2022-06-27 09:37:32.636  INFO 2123493 --- [           main] o.apache.catalina.core.StandardService   : Starting service [Tomcat]
2022-06-27 09:37:32.636  INFO 2123493 --- [           main] org.apache.catalina.core.StandardEngine  : Starting Servlet engine: [Apache Tomcat/9.0.41]
2022-06-27 09:37:32.725  INFO 2123493 --- [           main] o.a.c.c.C.[Tomcat].[localhost].[/]       : Initializing Spring embedded WebApplicationContext
2022-06-27 09:37:32.725  INFO 2123493 --- [           main] w.s.c.ServletWebServerApplicationContext : Root WebApplicationContext: initialization completed in 1587 ms
2022-06-27 09:37:33.064  INFO 2123493 --- [           main] o.s.s.concurrent.ThreadPoolTaskExecutor  : Initializing ExecutorService 'applicationTaskExecutor'
2022-06-27 09:37:33.383  INFO 2123493 --- [           main] o.s.b.w.embedded.tomcat.TomcatWebServer  : Tomcat started on port(s): 8080 (http) with context path ''
2022-06-27 09:37:33.395  INFO 2123493 --- [           main] c.e.text2voice.Text2voiceApplication     : Started Text2voiceApplication in 3.112 seconds (JVM running for 3.662)
2022-06-27 09:45:00.279  INFO 2123493 --- [nio-8080-exec-1] o.a.c.c.C.[Tomcat].[localhost].[/]       : Initializing Spring DispatcherServlet 'dispatcherServlet'
2022-06-27 09:45:00.279  INFO 2123493 --- [nio-8080-exec-1] o.s.web.servlet.DispatcherServlet        : Initializing Servlet 'dispatcherServlet'
2022-06-27 09:45:00.289  INFO 2123493 --- [nio-8080-exec-1] o.s.web.servlet.DispatcherServlet        : Completed initialization in 10 ms
/home/zhanhui/opt/module/anaconda3/envs/voice/bin/python gen_voice.py /home/zhanhui/test/text/.thumbcache_001 /home/zhanhui/test/audio/test.wav
/home/zhanhui/opt/module/anaconda3/envs/voice/bin/python gen_voice.py /home/zhanhui/test/text/story1.txt /home/zhanhui/test/audio/test.wav
/home/zhanhui/opt/module/anaconda3/envs/voice/bin/python gen_voice.py /home/zhanhui/test/text/story1.txt /home/zhanhui/test/audio/test.wav
/home/zhanhui/opt/module/anaconda3/envs/voice/bin/python gen_voice.py /home/zhanhui/test/text/story1.txt /home/zhanhui/test/audio/test.wav
/home/zhanhui/opt/module/anaconda3/envs/voice/bin/python gen_voice.py /home/zhanhui/test/text/story1.txt /home/zhanhui/test/audio/test.wav
/home/zhanhui/opt/module/anaconda3/envs/voice/bin/python gen_voice.py /home/zhanhui/test/text/story1.txt /home/zhanhui/test/audio/test.wav
/home/zhanhui/opt/module/anaconda3/envs/voice/bin/python gen_voice.py /home/zhanhui/test/text/mytest.txt /home/zhanhui/test/audio/test.wav
/home/zhanhui/opt/module/anaconda3/envs/voice/bin/python gen_voice.py /home/zhanhui/test/text/story1.txt /home/zhanhui/test/audio/test.wav
2022-06-27 10:10:06.295  INFO 2123493 --- [nio-8080-exec-3] o.apache.coyote.http11.Http11Processor   : Error parsing HTTP request header
 Note: further occurrences of HTTP request parsing errors will be logged at DEBUG level.

java.lang.IllegalArgumentException: Invalid character found in the HTTP protocol [HTTP/1.10x0aHost:]
	at org.apache.coyote.http11.Http11InputBuffer.parseRequestLine(Http11InputBuffer.java:559) ~[tomcat-embed-core-9.0.41.jar!/:9.0.41]
	at org.apache.coyote.http11.Http11Processor.service(Http11Processor.java:261) ~[tomcat-embed-core-9.0.41.jar!/:9.0.41]
	at org.apache.coyote.AbstractProcessorLight.process(AbstractProcessorLight.java:65) [tomcat-embed-core-9.0.41.jar!/:9.0.41]
	at org.apache.coyote.AbstractProtocol$ConnectionHandler.process(AbstractProtocol.java:888) [tomcat-embed-core-9.0.41.jar!/:9.0.41]
	at org.apache.tomcat.util.net.NioEndpoint$SocketProcessor.doRun(NioEndpoint.java:1597) [tomcat-embed-core-9.0.41.jar!/:9.0.41]
	at org.apache.tomcat.util.net.SocketProcessorBase.run(SocketProcessorBase.java:49) [tomcat-embed-core-9.0.41.jar!/:9.0.41]
	at java.util.concurrent.ThreadPoolExecutor.runWorker(ThreadPoolExecutor.java:1149) [na:1.8.0_212]
	at java.util.concurrent.ThreadPoolExecutor$Worker.run(ThreadPoolExecutor.java:624) [na:1.8.0_212]
	at org.apache.tomcat.util.threads.TaskThread$WrappingRunnable.run(TaskThread.java:61) [tomcat-embed-core-9.0.41.jar!/:9.0.41]
	at java.lang.Thread.run(Thread.java:748) [na:1.8.0_212]

/home/zhanhui/opt/module/anaconda3/envs/voice/bin/python gen_voice.py /home/zhanhui/test/text/mytest.txt /home/zhanhui/test/audio/test.wav
/home/zhanhui/opt/module/anaconda3/envs/voice/bin/python gen_voice.py /home/zhanhui/test/text/story1.txt /home/zhanhui/test/audio/test.wav
/home/zhanhui/opt/module/anaconda3/envs/voice/bin/python gen_voice.py /home/zhanhui/test/text/你好.txt /home/zhanhui/test/audio/test_1.mp3
/home/zhanhui/test/text
/home/zhanhui/opt/module/anaconda3/envs/voice/bin/python gen_voice.py /home/zhanhui/test/text/zhanhuitest.txt /home/zhanhui/test/audio/test.wav
2022-06-27 11:57:34.390  INFO 2123493 --- [nio-8080-exec-9] o.apache.coyote.http11.Http11Processor   : Error parsing HTTP request header
 Note: further occurrences of HTTP request parsing errors will be logged at DEBUG level.

java.lang.IllegalArgumentException: Invalid character found in method name [0x050x01...]. HTTP method names must be tokens
	at org.apache.coyote.http11.Http11InputBuffer.parseRequestLine(Http11InputBuffer.java:417) ~[tomcat-embed-core-9.0.41.jar!/:9.0.41]
	at org.apache.coyote.http11.Http11Processor.service(Http11Processor.java:261) ~[tomcat-embed-core-9.0.41.jar!/:9.0.41]
	at org.apache.coyote.AbstractProcessorLight.process(AbstractProcessorLight.java:65) [tomcat-embed-core-9.0.41.jar!/:9.0.41]
	at org.apache.coyote.AbstractProtocol$ConnectionHandler.process(AbstractProtocol.java:888) [tomcat-embed-core-9.0.41.jar!/:9.0.41]
	at org.apache.tomcat.util.net.NioEndpoint$SocketProcessor.doRun(NioEndpoint.java:1597) [tomcat-embed-core-9.0.41.jar!/:9.0.41]
	at org.apache.tomcat.util.net.SocketProcessorBase.run(SocketProcessorBase.java:49) [tomcat-embed-core-9.0.41.jar!/:9.0.41]
	at java.util.concurrent.ThreadPoolExecutor.runWorker(ThreadPoolExecutor.java:1149) [na:1.8.0_212]
	at java.util.concurrent.ThreadPoolExecutor$Worker.run(ThreadPoolExecutor.java:624) [na:1.8.0_212]
	at org.apache.tomcat.util.threads.TaskThread$WrappingRunnable.run(TaskThread.java:61) [tomcat-embed-core-9.0.41.jar!/:9.0.41]
	at java.lang.Thread.run(Thread.java:748) [na:1.8.0_212]

/home/zhanhui/test/text
/home/zhanhui/test/audio
/home/zhanhui/opt/module/anaconda3/envs/voice/bin/python gen_voice.py /home/zhanhui/test/text/627.txt /home/zhanhui/test/audio/2022-06-27-12:40:40.wav
/home/zhanhui/opt/module/anaconda3/envs/voice/bin/python gen_voice.py /home/zhanhui/test/text/story2 /home/zhanhui/test/audio/2022-06-26-16:27:14.wav
/home/zhanhui/opt/module/anaconda3/envs/voice/bin/python gen_voice.py /home/zhanhui/test/text/627.txt /home/zhanhui/test/audio/2022-06-26-16:27:14.wav
/home/zhanhui/opt/module/anaconda3/envs/voice/bin/python gen_voice.py /home/zhanhui/test/text/627.txt /home/zhanhui/test/audio/2022-06-26-20:04:54.wav
2022-06-27 21:22:59.559  WARN 2123493 --- [nio-8080-exec-8] o.s.w.s.r.ResourceHttpRequestHandler     : Path with "WEB-INF" or "META-INF": [s/1xugdXf2gy4LHvZThieDT4/_/WEB-INF/decorators.xml]
2022-06-27 21:23:02.781  WARN 2123493 --- [nio-8080-exec-5] o.s.w.s.r.ResourceHttpRequestHandler     : Path represents URL or has "url:" prefix: [http:/bxss.me/t/fit.txt]
2022-06-27 21:23:04.840  WARN 2123493 --- [nio-8080-exec-3] o.s.w.s.r.ResourceHttpRequestHandler     : Path contains "../" after call to StringUtils#cleanPath: [../../../../../../../../../../../etc/shells#foo/development]
2022-06-28 09:53:13.086 ERROR 2123493 --- [nio-8080-exec-8] o.a.c.c.C.[Tomcat].[localhost]           : Exception Processing ErrorPage[errorCode=0, location=/error]

org.apache.catalina.connector.ClientAbortException: java.io.IOException: Connection reset by peer
	at org.apache.catalina.connector.OutputBuffer.doFlush(OutputBuffer.java:309) ~[tomcat-embed-core-9.0.41.jar!/:9.0.41]
	at org.apache.catalina.connector.OutputBuffer.flush(OutputBuffer.java:272) ~[tomcat-embed-core-9.0.41.jar!/:9.0.41]
	at org.apache.catalina.connector.CoyoteOutputStream.flush(CoyoteOutputStream.java:118) ~[tomcat-embed-core-9.0.41.jar!/:9.0.41]
	at java.io.FilterOutputStream.flush(FilterOutputStream.java:140) ~[na:1.8.0_212]
	at com.fasterxml.jackson.core.json.UTF8JsonGenerator.flush(UTF8JsonGenerator.java:1176) ~[jackson-core-2.11.3.jar!/:2.11.3]
	at com.fasterxml.jackson.databind.ObjectWriter.writeValue(ObjectWriter.java:1008) ~[jackson-databind-2.11.3.jar!/:2.11.3]
	at org.springframework.http.converter.json.AbstractJackson2HttpMessageConverter.writeInternal(AbstractJackson2HttpMessageConverter.java:346) ~[spring-web-5.2.12.RELEASE.jar!/:5.2.12.RELEASE]
	at org.springframework.http.converter.AbstractGenericHttpMessageConverter.write(AbstractGenericHttpMessageConverter.java:104) ~[spring-web-5.2.12.RELEASE.jar!/:5.2.12.RELEASE]
	at org.springframework.web.servlet.mvc.method.annotation.AbstractMessageConverterMethodProcessor.writeWithMessageConverters(AbstractMessageConverterMethodProcessor.java:277) ~[spring-webmvc-5.2.12.RELEASE.jar!/:5.2.12.RELEASE]
	at org.springframework.web.servlet.mvc.method.annotation.HttpEntityMethodProcessor.handleReturnValue(HttpEntityMethodProcessor.java:219) ~[spring-webmvc-5.2.12.RELEASE.jar!/:5.2.12.RELEASE]
	at org.springframework.web.method.support.HandlerMethodReturnValueHandlerComposite.handleReturnValue(HandlerMethodReturnValueHandlerComposite.java:82) ~[spring-web-5.2.12.RELEASE.jar!/:5.2.12.RELEASE]
	at org.springframework.web.servlet.mvc.method.annotation.ServletInvocableHandlerMethod.invokeAndHandle(ServletInvocableHandlerMethod.java:123) ~[spring-webmvc-5.2.12.RELEASE.jar!/:5.2.12.RELEASE]
	at org.springframework.web.servlet.mvc.method.annotation.RequestMappingHandlerAdapter.invokeHandlerMethod(RequestMappingHandlerAdapter.java:878) ~[spring-webmvc-5.2.12.RELEASE.jar!/:5.2.12.RELEASE]
	at org.springframework.web.servlet.mvc.method.annotation.RequestMappingHandlerAdapter.handleInternal(RequestMappingHandlerAdapter.java:792) ~[spring-webmvc-5.2.12.RELEASE.jar!/:5.2.12.RELEASE]
	at org.springframework.web.servlet.mvc.method.AbstractHandlerMethodAdapter.handle(AbstractHandlerMethodAdapter.java:87) ~[spring-webmvc-5.2.12.RELEASE.jar!/:5.2.12.RELEASE]
	at org.springframework.web.servlet.DispatcherServlet.doDispatch(DispatcherServlet.java:1040) ~[spring-webmvc-5.2.12.RELEASE.jar!/:5.2.12.RELEASE]
	at org.springframework.web.servlet.DispatcherServlet.doService(DispatcherServlet.java:943) ~[spring-webmvc-5.2.12.RELEASE.jar!/:5.2.12.RELEASE]
	at org.springframework.web.servlet.FrameworkServlet.processRequest(FrameworkServlet.java:1006) ~[spring-webmvc-5.2.12.RELEASE.jar!/:5.2.12.RELEASE]
	at org.springframework.web.servlet.FrameworkServlet.doGet(FrameworkServlet.java:898) ~[spring-webmvc-5.2.12.RELEASE.jar!/:5.2.12.RELEASE]
	at javax.servlet.http.HttpServlet.service(HttpServlet.java:626) ~[tomcat-embed-core-9.0.41.jar!/:4.0.FR]
	at org.springframework.web.servlet.FrameworkServlet.service(FrameworkServlet.java:883) ~[spring-webmvc-5.2.12.RELEASE.jar!/:5.2.12.RELEASE]
	at javax.servlet.http.HttpServlet.service(HttpServlet.java:733) ~[tomcat-embed-core-9.0.41.jar!/:4.0.FR]
	at org.apache.catalina.core.ApplicationFilterChain.internalDoFilter(ApplicationFilterChain.java:231) ~[tomcat-embed-core-9.0.41.jar!/:9.0.41]
	at org.apache.catalina.core.ApplicationFilterChain.doFilter(ApplicationFilterChain.java:166) ~[tomcat-embed-core-9.0.41.jar!/:9.0.41]
	at org.springframework.web.filter.RequestContextFilter.doFilterInternal(RequestContextFilter.java:100) ~[spring-web-5.2.12.RELEASE.jar!/:5.2.12.RELEASE]
	at org.springframework.web.filter.OncePerRequestFilter.doFilter(OncePerRequestFilter.java:119) ~[spring-web-5.2.12.RELEASE.jar!/:5.2.12.RELEASE]
	at org.apache.catalina.core.ApplicationFilterChain.internalDoFilter(ApplicationFilterChain.java:193) ~[tomcat-embed-core-9.0.41.jar!/:9.0.41]
	at org.apache.catalina.core.ApplicationFilterChain.doFilter(ApplicationFilterChain.java:166) ~[tomcat-embed-core-9.0.41.jar!/:9.0.41]
	at org.springframework.web.filter.OncePerRequestFilter.doFilter(OncePerRequestFilter.java:103) ~[spring-web-5.2.12.RELEASE.jar!/:5.2.12.RELEASE]
	at org.apache.catalina.core.ApplicationFilterChain.internalDoFilter(ApplicationFilterChain.java:193) ~[tomcat-embed-core-9.0.41.jar!/:9.0.41]
	at org.apache.catalina.core.ApplicationFilterChain.doFilter(ApplicationFilterChain.java:166) ~[tomcat-embed-core-9.0.41.jar!/:9.0.41]
	at org.springframework.web.filter.OncePerRequestFilter.doFilter(OncePerRequestFilter.java:103) ~[spring-web-5.2.12.RELEASE.jar!/:5.2.12.RELEASE]
	at org.apache.catalina.core.ApplicationFilterChain.internalDoFilter(ApplicationFilterChain.java:193) ~[tomcat-embed-core-9.0.41.jar!/:9.0.41]
	at org.apache.catalina.core.ApplicationFilterChain.doFilter(ApplicationFilterChain.java:166) ~[tomcat-embed-core-9.0.41.jar!/:9.0.41]
	at org.apache.catalina.core.ApplicationDispatcher.invoke(ApplicationDispatcher.java:712) ~[tomcat-embed-core-9.0.41.jar!/:9.0.41]
	at org.apache.catalina.core.ApplicationDispatcher.processRequest(ApplicationDispatcher.java:461) ~[tomcat-embed-core-9.0.41.jar!/:9.0.41]
	at org.apache.catalina.core.ApplicationDispatcher.doForward(ApplicationDispatcher.java:384) ~[tomcat-embed-core-9.0.41.jar!/:9.0.41]
	at org.apache.catalina.core.ApplicationDispatcher.forward(ApplicationDispatcher.java:312) ~[tomcat-embed-core-9.0.41.jar!/:9.0.41]
	at org.apache.catalina.core.StandardHostValve.custom(StandardHostValve.java:398) [tomcat-embed-core-9.0.41.jar!/:9.0.41]
	at org.apache.catalina.core.StandardHostValve.status(StandardHostValve.java:257) [tomcat-embed-core-9.0.41.jar!/:9.0.41]
	at org.apache.catalina.core.StandardHostValve.invoke(StandardHostValve.java:179) [tomcat-embed-core-9.0.41.jar!/:9.0.41]
	at org.apache.catalina.valves.ErrorReportValve.invoke(ErrorReportValve.java:92) [tomcat-embed-core-9.0.41.jar!/:9.0.41]
	at org.apache.catalina.core.StandardEngineValve.invoke(StandardEngineValve.java:78) [tomcat-embed-core-9.0.41.jar!/:9.0.41]
	at org.apache.catalina.connector.CoyoteAdapter.service(CoyoteAdapter.java:343) [tomcat-embed-core-9.0.41.jar!/:9.0.41]
	at org.apache.coyote.http11.Http11Processor.service(Http11Processor.java:374) [tomcat-embed-core-9.0.41.jar!/:9.0.41]
	at org.apache.coyote.AbstractProcessorLight.process(AbstractProcessorLight.java:65) [tomcat-embed-core-9.0.41.jar!/:9.0.41]
	at org.apache.coyote.AbstractProtocol$ConnectionHandler.process(AbstractProtocol.java:888) [tomcat-embed-core-9.0.41.jar!/:9.0.41]
	at org.apache.tomcat.util.net.NioEndpoint$SocketProcessor.doRun(NioEndpoint.java:1597) [tomcat-embed-core-9.0.41.jar!/:9.0.41]
	at org.apache.tomcat.util.net.SocketProcessorBase.run(SocketProcessorBase.java:49) [tomcat-embed-core-9.0.41.jar!/:9.0.41]
	at java.util.concurrent.ThreadPoolExecutor.runWorker(ThreadPoolExecutor.java:1149) [na:1.8.0_212]
	at java.util.concurrent.ThreadPoolExecutor$Worker.run(ThreadPoolExecutor.java:624) [na:1.8.0_212]
	at org.apache.tomcat.util.threads.TaskThread$WrappingRunnable.run(TaskThread.java:61) [tomcat-embed-core-9.0.41.jar!/:9.0.41]
	at java.lang.Thread.run(Thread.java:748) [na:1.8.0_212]
Caused by: java.io.IOException: Connection reset by peer
	at sun.nio.ch.FileDispatcherImpl.write0(Native Method) ~[na:1.8.0_212]
	at sun.nio.ch.SocketDispatcher.write(SocketDispatcher.java:47) ~[na:1.8.0_212]
	at sun.nio.ch.IOUtil.writeFromNativeBuffer(IOUtil.java:93) ~[na:1.8.0_212]
	at sun.nio.ch.IOUtil.write(IOUtil.java:65) ~[na:1.8.0_212]
	at sun.nio.ch.SocketChannelImpl.write(SocketChannelImpl.java:471) ~[na:1.8.0_212]
	at org.apache.tomcat.util.net.NioChannel.write(NioChannel.java:138) ~[tomcat-embed-core-9.0.41.jar!/:9.0.41]
	at org.apache.tomcat.util.net.NioBlockingSelector.write(NioBlockingSelector.java:101) ~[tomcat-embed-core-9.0.41.jar!/:9.0.41]
	at org.apache.tomcat.util.net.NioSelectorPool.write(NioSelectorPool.java:152) ~[tomcat-embed-core-9.0.41.jar!/:9.0.41]
	at org.apache.tomcat.util.net.NioEndpoint$NioSocketWrapper.doWrite(NioEndpoint.java:1253) ~[tomcat-embed-core-9.0.41.jar!/:9.0.41]
	at org.apache.tomcat.util.net.SocketWrapperBase.doWrite(SocketWrapperBase.java:764) ~[tomcat-embed-core-9.0.41.jar!/:9.0.41]
	at org.apache.tomcat.util.net.SocketWrapperBase.flushBlocking(SocketWrapperBase.java:717) ~[tomcat-embed-core-9.0.41.jar!/:9.0.41]
	at org.apache.tomcat.util.net.SocketWrapperBase.flush(SocketWrapperBase.java:707) ~[tomcat-embed-core-9.0.41.jar!/:9.0.41]
	at org.apache.coyote.http11.Http11OutputBuffer$SocketOutputBuffer.flush(Http11OutputBuffer.java:572) ~[tomcat-embed-core-9.0.41.jar!/:9.0.41]
	at org.apache.coyote.http11.filters.ChunkedOutputFilter.flush(ChunkedOutputFilter.java:157) ~[tomcat-embed-core-9.0.41.jar!/:9.0.41]
	at org.apache.coyote.http11.Http11OutputBuffer.flush(Http11OutputBuffer.java:220) ~[tomcat-embed-core-9.0.41.jar!/:9.0.41]
	at org.apache.coyote.http11.Http11Processor.flush(Http11Processor.java:1195) [tomcat-embed-core-9.0.41.jar!/:9.0.41]
	at org.apache.coyote.AbstractProcessor.action(AbstractProcessor.java:402) ~[tomcat-embed-core-9.0.41.jar!/:9.0.41]
	at org.apache.coyote.Response.action(Response.java:209) ~[tomcat-embed-core-9.0.41.jar!/:9.0.41]
	at org.apache.catalina.connector.OutputBuffer.doFlush(OutputBuffer.java:305) ~[tomcat-embed-core-9.0.41.jar!/:9.0.41]
	... 52 common frames omitted

2022-06-28 10:26:01.525 ERROR 2123493 --- [nio-8080-exec-2] o.a.c.c.C.[Tomcat].[localhost]           : Exception Processing ErrorPage[errorCode=0, location=/error]

org.apache.catalina.connector.ClientAbortException: java.io.IOException: Connection reset by peer
	at org.apache.catalina.connector.OutputBuffer.doFlush(OutputBuffer.java:309) ~[tomcat-embed-core-9.0.41.jar!/:9.0.41]
	at org.apache.catalina.connector.OutputBuffer.flush(OutputBuffer.java:272) ~[tomcat-embed-core-9.0.41.jar!/:9.0.41]
	at org.apache.catalina.connector.CoyoteOutputStream.flush(CoyoteOutputStream.java:118) ~[tomcat-embed-core-9.0.41.jar!/:9.0.41]
	at java.io.FilterOutputStream.flush(FilterOutputStream.java:140) ~[na:1.8.0_212]
	at com.fasterxml.jackson.core.json.UTF8JsonGenerator.flush(UTF8JsonGenerator.java:1176) ~[jackson-core-2.11.3.jar!/:2.11.3]
	at com.fasterxml.jackson.databind.ObjectWriter.writeValue(ObjectWriter.java:1008) ~[jackson-databind-2.11.3.jar!/:2.11.3]
	at org.springframework.http.converter.json.AbstractJackson2HttpMessageConverter.writeInternal(AbstractJackson2HttpMessageConverter.java:346) ~[spring-web-5.2.12.RELEASE.jar!/:5.2.12.RELEASE]
	at org.springframework.http.converter.AbstractGenericHttpMessageConverter.write(AbstractGenericHttpMessageConverter.java:104) ~[spring-web-5.2.12.RELEASE.jar!/:5.2.12.RELEASE]
	at org.springframework.web.servlet.mvc.method.annotation.AbstractMessageConverterMethodProcessor.writeWithMessageConverters(AbstractMessageConverterMethodProcessor.java:277) ~[spring-webmvc-5.2.12.RELEASE.jar!/:5.2.12.RELEASE]
	at org.springframework.web.servlet.mvc.method.annotation.HttpEntityMethodProcessor.handleReturnValue(HttpEntityMethodProcessor.java:219) ~[spring-webmvc-5.2.12.RELEASE.jar!/:5.2.12.RELEASE]
	at org.springframework.web.method.support.HandlerMethodReturnValueHandlerComposite.handleReturnValue(HandlerMethodReturnValueHandlerComposite.java:82) ~[spring-web-5.2.12.RELEASE.jar!/:5.2.12.RELEASE]
	at org.springframework.web.servlet.mvc.method.annotation.ServletInvocableHandlerMethod.invokeAndHandle(ServletInvocableHandlerMethod.java:123) ~[spring-webmvc-5.2.12.RELEASE.jar!/:5.2.12.RELEASE]
	at org.springframework.web.servlet.mvc.method.annotation.RequestMappingHandlerAdapter.invokeHandlerMethod(RequestMappingHandlerAdapter.java:878) ~[spring-webmvc-5.2.12.RELEASE.jar!/:5.2.12.RELEASE]
	at org.springframework.web.servlet.mvc.method.annotation.RequestMappingHandlerAdapter.handleInternal(RequestMappingHandlerAdapter.java:792) ~[spring-webmvc-5.2.12.RELEASE.jar!/:5.2.12.RELEASE]
	at org.springframework.web.servlet.mvc.method.AbstractHandlerMethodAdapter.handle(AbstractHandlerMethodAdapter.java:87) ~[spring-webmvc-5.2.12.RELEASE.jar!/:5.2.12.RELEASE]
	at org.springframework.web.servlet.DispatcherServlet.doDispatch(DispatcherServlet.java:1040) ~[spring-webmvc-5.2.12.RELEASE.jar!/:5.2.12.RELEASE]
	at org.springframework.web.servlet.DispatcherServlet.doService(DispatcherServlet.java:943) ~[spring-webmvc-5.2.12.RELEASE.jar!/:5.2.12.RELEASE]
	at org.springframework.web.servlet.FrameworkServlet.processRequest(FrameworkServlet.java:1006) ~[spring-webmvc-5.2.12.RELEASE.jar!/:5.2.12.RELEASE]
	at org.springframework.web.servlet.FrameworkServlet.doGet(FrameworkServlet.java:898) ~[spring-webmvc-5.2.12.RELEASE.jar!/:5.2.12.RELEASE]
	at javax.servlet.http.HttpServlet.service(HttpServlet.java:626) ~[tomcat-embed-core-9.0.41.jar!/:4.0.FR]
	at org.springframework.web.servlet.FrameworkServlet.service(FrameworkServlet.java:883) ~[spring-webmvc-5.2.12.RELEASE.jar!/:5.2.12.RELEASE]
	at javax.servlet.http.HttpServlet.service(HttpServlet.java:733) ~[tomcat-embed-core-9.0.41.jar!/:4.0.FR]
	at org.apache.catalina.core.ApplicationFilterChain.internalDoFilter(ApplicationFilterChain.java:231) ~[tomcat-embed-core-9.0.41.jar!/:9.0.41]
	at org.apache.catalina.core.ApplicationFilterChain.doFilter(ApplicationFilterChain.java:166) ~[tomcat-embed-core-9.0.41.jar!/:9.0.41]
	at org.springframework.web.filter.RequestContextFilter.doFilterInternal(RequestContextFilter.java:100) ~[spring-web-5.2.12.RELEASE.jar!/:5.2.12.RELEASE]
	at org.springframework.web.filter.OncePerRequestFilter.doFilter(OncePerRequestFilter.java:119) ~[spring-web-5.2.12.RELEASE.jar!/:5.2.12.RELEASE]
	at org.apache.catalina.core.ApplicationFilterChain.internalDoFilter(ApplicationFilterChain.java:193) ~[tomcat-embed-core-9.0.41.jar!/:9.0.41]
	at org.apache.catalina.core.ApplicationFilterChain.doFilter(ApplicationFilterChain.java:166) ~[tomcat-embed-core-9.0.41.jar!/:9.0.41]
	at org.springframework.web.filter.OncePerRequestFilter.doFilter(OncePerRequestFilter.java:103) ~[spring-web-5.2.12.RELEASE.jar!/:5.2.12.RELEASE]
	at org.apache.catalina.core.ApplicationFilterChain.internalDoFilter(ApplicationFilterChain.java:193) ~[tomcat-embed-core-9.0.41.jar!/:9.0.41]
	at org.apache.catalina.core.ApplicationFilterChain.doFilter(ApplicationFilterChain.java:166) ~[tomcat-embed-core-9.0.41.jar!/:9.0.41]
	at org.springframework.web.filter.OncePerRequestFilter.doFilter(OncePerRequestFilter.java:103) ~[spring-web-5.2.12.RELEASE.jar!/:5.2.12.RELEASE]
	at org.apache.catalina.core.ApplicationFilterChain.internalDoFilter(ApplicationFilterChain.java:193) ~[tomcat-embed-core-9.0.41.jar!/:9.0.41]
	at org.apache.catalina.core.ApplicationFilterChain.doFilter(ApplicationFilterChain.java:166) ~[tomcat-embed-core-9.0.41.jar!/:9.0.41]
	at org.apache.catalina.core.ApplicationDispatcher.invoke(ApplicationDispatcher.java:712) ~[tomcat-embed-core-9.0.41.jar!/:9.0.41]
	at org.apache.catalina.core.ApplicationDispatcher.processRequest(ApplicationDispatcher.java:461) ~[tomcat-embed-core-9.0.41.jar!/:9.0.41]
	at org.apache.catalina.core.ApplicationDispatcher.doForward(ApplicationDispatcher.java:384) ~[tomcat-embed-core-9.0.41.jar!/:9.0.41]
	at org.apache.catalina.core.ApplicationDispatcher.forward(ApplicationDispatcher.java:312) ~[tomcat-embed-core-9.0.41.jar!/:9.0.41]
	at org.apache.catalina.core.StandardHostValve.custom(StandardHostValve.java:398) [tomcat-embed-core-9.0.41.jar!/:9.0.41]
	at org.apache.catalina.core.StandardHostValve.status(StandardHostValve.java:257) [tomcat-embed-core-9.0.41.jar!/:9.0.41]
	at org.apache.catalina.core.StandardHostValve.invoke(StandardHostValve.java:179) [tomcat-embed-core-9.0.41.jar!/:9.0.41]
	at org.apache.catalina.valves.ErrorReportValve.invoke(ErrorReportValve.java:92) [tomcat-embed-core-9.0.41.jar!/:9.0.41]
	at org.apache.catalina.core.StandardEngineValve.invoke(StandardEngineValve.java:78) [tomcat-embed-core-9.0.41.jar!/:9.0.41]
	at org.apache.catalina.connector.CoyoteAdapter.service(CoyoteAdapter.java:343) [tomcat-embed-core-9.0.41.jar!/:9.0.41]
	at org.apache.coyote.http11.Http11Processor.service(Http11Processor.java:374) [tomcat-embed-core-9.0.41.jar!/:9.0.41]
	at org.apache.coyote.AbstractProcessorLight.process(AbstractProcessorLight.java:65) [tomcat-embed-core-9.0.41.jar!/:9.0.41]
	at org.apache.coyote.AbstractProtocol$ConnectionHandler.process(AbstractProtocol.java:888) [tomcat-embed-core-9.0.41.jar!/:9.0.41]
	at org.apache.tomcat.util.net.NioEndpoint$SocketProcessor.doRun(NioEndpoint.java:1597) [tomcat-embed-core-9.0.41.jar!/:9.0.41]
	at org.apache.tomcat.util.net.SocketProcessorBase.run(SocketProcessorBase.java:49) [tomcat-embed-core-9.0.41.jar!/:9.0.41]
	at java.util.concurrent.ThreadPoolExecutor.runWorker(ThreadPoolExecutor.java:1149) [na:1.8.0_212]
	at java.util.concurrent.ThreadPoolExecutor$Worker.run(ThreadPoolExecutor.java:624) [na:1.8.0_212]
	at org.apache.tomcat.util.threads.TaskThread$WrappingRunnable.run(TaskThread.java:61) [tomcat-embed-core-9.0.41.jar!/:9.0.41]
	at java.lang.Thread.run(Thread.java:748) [na:1.8.0_212]
Caused by: java.io.IOException: Connection reset by peer
	at sun.nio.ch.FileDispatcherImpl.write0(Native Method) ~[na:1.8.0_212]
	at sun.nio.ch.SocketDispatcher.write(SocketDispatcher.java:47) ~[na:1.8.0_212]
	at sun.nio.ch.IOUtil.writeFromNativeBuffer(IOUtil.java:93) ~[na:1.8.0_212]
	at sun.nio.ch.IOUtil.write(IOUtil.java:65) ~[na:1.8.0_212]
	at sun.nio.ch.SocketChannelImpl.write(SocketChannelImpl.java:471) ~[na:1.8.0_212]
	at org.apache.tomcat.util.net.NioChannel.write(NioChannel.java:138) ~[tomcat-embed-core-9.0.41.jar!/:9.0.41]
	at org.apache.tomcat.util.net.NioBlockingSelector.write(NioBlockingSelector.java:101) ~[tomcat-embed-core-9.0.41.jar!/:9.0.41]
	at org.apache.tomcat.util.net.NioSelectorPool.write(NioSelectorPool.java:152) ~[tomcat-embed-core-9.0.41.jar!/:9.0.41]
	at org.apache.tomcat.util.net.NioEndpoint$NioSocketWrapper.doWrite(NioEndpoint.java:1253) ~[tomcat-embed-core-9.0.41.jar!/:9.0.41]
	at org.apache.tomcat.util.net.SocketWrapperBase.doWrite(SocketWrapperBase.java:764) ~[tomcat-embed-core-9.0.41.jar!/:9.0.41]
	at org.apache.tomcat.util.net.SocketWrapperBase.flushBlocking(SocketWrapperBase.java:717) ~[tomcat-embed-core-9.0.41.jar!/:9.0.41]
	at org.apache.tomcat.util.net.SocketWrapperBase.flush(SocketWrapperBase.java:707) ~[tomcat-embed-core-9.0.41.jar!/:9.0.41]
	at org.apache.coyote.http11.Http11OutputBuffer$SocketOutputBuffer.flush(Http11OutputBuffer.java:572) ~[tomcat-embed-core-9.0.41.jar!/:9.0.41]
	at org.apache.coyote.http11.filters.ChunkedOutputFilter.flush(ChunkedOutputFilter.java:157) ~[tomcat-embed-core-9.0.41.jar!/:9.0.41]
	at org.apache.coyote.http11.Http11OutputBuffer.flush(Http11OutputBuffer.java:220) ~[tomcat-embed-core-9.0.41.jar!/:9.0.41]
	at org.apache.coyote.http11.Http11Processor.flush(Http11Processor.java:1195) [tomcat-embed-core-9.0.41.jar!/:9.0.41]
	at org.apache.coyote.AbstractProcessor.action(AbstractProcessor.java:402) ~[tomcat-embed-core-9.0.41.jar!/:9.0.41]
	at org.apache.coyote.Response.action(Response.java:209) ~[tomcat-embed-core-9.0.41.jar!/:9.0.41]
	at org.apache.catalina.connector.OutputBuffer.doFlush(OutputBuffer.java:305) ~[tomcat-embed-core-9.0.41.jar!/:9.0.41]
	... 52 common frames omitted

2022-06-28 12:30:24.539  INFO 2123493 --- [nio-8080-exec-1] o.apache.coyote.http11.Http11Processor   : Error parsing HTTP request header
 Note: further occurrences of HTTP request parsing errors will be logged at DEBUG level.

java.lang.IllegalArgumentException: Invalid character found in method name [0x030x000x00/*0xe00x000x000x000x000x00Cookie:]. HTTP method names must be tokens
	at org.apache.coyote.http11.Http11InputBuffer.parseRequestLine(Http11InputBuffer.java:417) ~[tomcat-embed-core-9.0.41.jar!/:9.0.41]
	at org.apache.coyote.http11.Http11Processor.service(Http11Processor.java:261) ~[tomcat-embed-core-9.0.41.jar!/:9.0.41]
	at org.apache.coyote.AbstractProcessorLight.process(AbstractProcessorLight.java:65) [tomcat-embed-core-9.0.41.jar!/:9.0.41]
	at org.apache.coyote.AbstractProtocol$ConnectionHandler.process(AbstractProtocol.java:888) [tomcat-embed-core-9.0.41.jar!/:9.0.41]
	at org.apache.tomcat.util.net.NioEndpoint$SocketProcessor.doRun(NioEndpoint.java:1597) [tomcat-embed-core-9.0.41.jar!/:9.0.41]
	at org.apache.tomcat.util.net.SocketProcessorBase.run(SocketProcessorBase.java:49) [tomcat-embed-core-9.0.41.jar!/:9.0.41]
	at java.util.concurrent.ThreadPoolExecutor.runWorker(ThreadPoolExecutor.java:1149) [na:1.8.0_212]
	at java.util.concurrent.ThreadPoolExecutor$Worker.run(ThreadPoolExecutor.java:624) [na:1.8.0_212]
	at org.apache.tomcat.util.threads.TaskThread$WrappingRunnable.run(TaskThread.java:61) [tomcat-embed-core-9.0.41.jar!/:9.0.41]
	at java.lang.Thread.run(Thread.java:748) [na:1.8.0_212]

2022-06-28 14:54:56.142 ERROR 2123493 --- [io-8080-exec-10] o.a.c.c.C.[Tomcat].[localhost]           : Exception Processing ErrorPage[errorCode=0, location=/error]

org.apache.catalina.connector.ClientAbortException: java.io.IOException: Connection reset by peer
	at org.apache.catalina.connector.OutputBuffer.doFlush(OutputBuffer.java:309) ~[tomcat-embed-core-9.0.41.jar!/:9.0.41]
	at org.apache.catalina.connector.OutputBuffer.flush(OutputBuffer.java:272) ~[tomcat-embed-core-9.0.41.jar!/:9.0.41]
	at org.apache.catalina.connector.CoyoteOutputStream.flush(CoyoteOutputStream.java:118) ~[tomcat-embed-core-9.0.41.jar!/:9.0.41]
	at java.io.FilterOutputStream.flush(FilterOutputStream.java:140) ~[na:1.8.0_212]
	at com.fasterxml.jackson.core.json.UTF8JsonGenerator.flush(UTF8JsonGenerator.java:1176) ~[jackson-core-2.11.3.jar!/:2.11.3]
	at com.fasterxml.jackson.databind.ObjectWriter.writeValue(ObjectWriter.java:1008) ~[jackson-databind-2.11.3.jar!/:2.11.3]
	at org.springframework.http.converter.json.AbstractJackson2HttpMessageConverter.writeInternal(AbstractJackson2HttpMessageConverter.java:346) ~[spring-web-5.2.12.RELEASE.jar!/:5.2.12.RELEASE]
	at org.springframework.http.converter.AbstractGenericHttpMessageConverter.write(AbstractGenericHttpMessageConverter.java:104) ~[spring-web-5.2.12.RELEASE.jar!/:5.2.12.RELEASE]
	at org.springframework.web.servlet.mvc.method.annotation.AbstractMessageConverterMethodProcessor.writeWithMessageConverters(AbstractMessageConverterMethodProcessor.java:277) ~[spring-webmvc-5.2.12.RELEASE.jar!/:5.2.12.RELEASE]
	at org.springframework.web.servlet.mvc.method.annotation.HttpEntityMethodProcessor.handleReturnValue(HttpEntityMethodProcessor.java:219) ~[spring-webmvc-5.2.12.RELEASE.jar!/:5.2.12.RELEASE]
	at org.springframework.web.method.support.HandlerMethodReturnValueHandlerComposite.handleReturnValue(HandlerMethodReturnValueHandlerComposite.java:82) ~[spring-web-5.2.12.RELEASE.jar!/:5.2.12.RELEASE]
	at org.springframework.web.servlet.mvc.method.annotation.ServletInvocableHandlerMethod.invokeAndHandle(ServletInvocableHandlerMethod.java:123) ~[spring-webmvc-5.2.12.RELEASE.jar!/:5.2.12.RELEASE]
	at org.springframework.web.servlet.mvc.method.annotation.RequestMappingHandlerAdapter.invokeHandlerMethod(RequestMappingHandlerAdapter.java:878) ~[spring-webmvc-5.2.12.RELEASE.jar!/:5.2.12.RELEASE]
	at org.springframework.web.servlet.mvc.method.annotation.RequestMappingHandlerAdapter.handleInternal(RequestMappingHandlerAdapter.java:792) ~[spring-webmvc-5.2.12.RELEASE.jar!/:5.2.12.RELEASE]
	at org.springframework.web.servlet.mvc.method.AbstractHandlerMethodAdapter.handle(AbstractHandlerMethodAdapter.java:87) ~[spring-webmvc-5.2.12.RELEASE.jar!/:5.2.12.RELEASE]
	at org.springframework.web.servlet.DispatcherServlet.doDispatch(DispatcherServlet.java:1040) ~[spring-webmvc-5.2.12.RELEASE.jar!/:5.2.12.RELEASE]
	at org.springframework.web.servlet.DispatcherServlet.doService(DispatcherServlet.java:943) ~[spring-webmvc-5.2.12.RELEASE.jar!/:5.2.12.RELEASE]
	at org.springframework.web.servlet.FrameworkServlet.processRequest(FrameworkServlet.java:1006) ~[spring-webmvc-5.2.12.RELEASE.jar!/:5.2.12.RELEASE]
	at org.springframework.web.servlet.FrameworkServlet.doGet(FrameworkServlet.java:898) ~[spring-webmvc-5.2.12.RELEASE.jar!/:5.2.12.RELEASE]
	at javax.servlet.http.HttpServlet.service(HttpServlet.java:626) ~[tomcat-embed-core-9.0.41.jar!/:4.0.FR]
	at org.springframework.web.servlet.FrameworkServlet.service(FrameworkServlet.java:883) ~[spring-webmvc-5.2.12.RELEASE.jar!/:5.2.12.RELEASE]
	at javax.servlet.http.HttpServlet.service(HttpServlet.java:733) ~[tomcat-embed-core-9.0.41.jar!/:4.0.FR]
	at org.apache.catalina.core.ApplicationFilterChain.internalDoFilter(ApplicationFilterChain.java:231) ~[tomcat-embed-core-9.0.41.jar!/:9.0.41]
	at org.apache.catalina.core.ApplicationFilterChain.doFilter(ApplicationFilterChain.java:166) ~[tomcat-embed-core-9.0.41.jar!/:9.0.41]
	at org.springframework.web.filter.RequestContextFilter.doFilterInternal(RequestContextFilter.java:100) ~[spring-web-5.2.12.RELEASE.jar!/:5.2.12.RELEASE]
	at org.springframework.web.filter.OncePerRequestFilter.doFilter(OncePerRequestFilter.java:119) ~[spring-web-5.2.12.RELEASE.jar!/:5.2.12.RELEASE]
	at org.apache.catalina.core.ApplicationFilterChain.internalDoFilter(ApplicationFilterChain.java:193) ~[tomcat-embed-core-9.0.41.jar!/:9.0.41]
	at org.apache.catalina.core.ApplicationFilterChain.doFilter(ApplicationFilterChain.java:166) ~[tomcat-embed-core-9.0.41.jar!/:9.0.41]
	at org.springframework.web.filter.OncePerRequestFilter.doFilter(OncePerRequestFilter.java:103) ~[spring-web-5.2.12.RELEASE.jar!/:5.2.12.RELEASE]
	at org.apache.catalina.core.ApplicationFilterChain.internalDoFilter(ApplicationFilterChain.java:193) ~[tomcat-embed-core-9.0.41.jar!/:9.0.41]
	at org.apache.catalina.core.ApplicationFilterChain.doFilter(ApplicationFilterChain.java:166) ~[tomcat-embed-core-9.0.41.jar!/:9.0.41]
	at org.springframework.web.filter.OncePerRequestFilter.doFilter(OncePerRequestFilter.java:103) ~[spring-web-5.2.12.RELEASE.jar!/:5.2.12.RELEASE]
	at org.apache.catalina.core.ApplicationFilterChain.internalDoFilter(ApplicationFilterChain.java:193) ~[tomcat-embed-core-9.0.41.jar!/:9.0.41]
	at org.apache.catalina.core.ApplicationFilterChain.doFilter(ApplicationFilterChain.java:166) ~[tomcat-embed-core-9.0.41.jar!/:9.0.41]
	at org.apache.catalina.core.ApplicationDispatcher.invoke(ApplicationDispatcher.java:712) ~[tomcat-embed-core-9.0.41.jar!/:9.0.41]
	at org.apache.catalina.core.ApplicationDispatcher.processRequest(ApplicationDispatcher.java:461) ~[tomcat-embed-core-9.0.41.jar!/:9.0.41]
	at org.apache.catalina.core.ApplicationDispatcher.doForward(ApplicationDispatcher.java:384) ~[tomcat-embed-core-9.0.41.jar!/:9.0.41]
	at org.apache.catalina.core.ApplicationDispatcher.forward(ApplicationDispatcher.java:312) ~[tomcat-embed-core-9.0.41.jar!/:9.0.41]
	at org.apache.catalina.core.StandardHostValve.custom(StandardHostValve.java:398) [tomcat-embed-core-9.0.41.jar!/:9.0.41]
	at org.apache.catalina.core.StandardHostValve.status(StandardHostValve.java:257) [tomcat-embed-core-9.0.41.jar!/:9.0.41]
	at org.apache.catalina.core.StandardHostValve.invoke(StandardHostValve.java:179) [tomcat-embed-core-9.0.41.jar!/:9.0.41]
	at org.apache.catalina.valves.ErrorReportValve.invoke(ErrorReportValve.java:92) [tomcat-embed-core-9.0.41.jar!/:9.0.41]
	at org.apache.catalina.core.StandardEngineValve.invoke(StandardEngineValve.java:78) [tomcat-embed-core-9.0.41.jar!/:9.0.41]
	at org.apache.catalina.connector.CoyoteAdapter.service(CoyoteAdapter.java:343) [tomcat-embed-core-9.0.41.jar!/:9.0.41]
	at org.apache.coyote.http11.Http11Processor.service(Http11Processor.java:374) [tomcat-embed-core-9.0.41.jar!/:9.0.41]
	at org.apache.coyote.AbstractProcessorLight.process(AbstractProcessorLight.java:65) [tomcat-embed-core-9.0.41.jar!/:9.0.41]
	at org.apache.coyote.AbstractProtocol$ConnectionHandler.process(AbstractProtocol.java:888) [tomcat-embed-core-9.0.41.jar!/:9.0.41]
	at org.apache.tomcat.util.net.NioEndpoint$SocketProcessor.doRun(NioEndpoint.java:1597) [tomcat-embed-core-9.0.41.jar!/:9.0.41]
	at org.apache.tomcat.util.net.SocketProcessorBase.run(SocketProcessorBase.java:49) [tomcat-embed-core-9.0.41.jar!/:9.0.41]
	at java.util.concurrent.ThreadPoolExecutor.runWorker(ThreadPoolExecutor.java:1149) [na:1.8.0_212]
	at java.util.concurrent.ThreadPoolExecutor$Worker.run(ThreadPoolExecutor.java:624) [na:1.8.0_212]
	at org.apache.tomcat.util.threads.TaskThread$WrappingRunnable.run(TaskThread.java:61) [tomcat-embed-core-9.0.41.jar!/:9.0.41]
	at java.lang.Thread.run(Thread.java:748) [na:1.8.0_212]
Caused by: java.io.IOException: Connection reset by peer
	at sun.nio.ch.FileDispatcherImpl.write0(Native Method) ~[na:1.8.0_212]
	at sun.nio.ch.SocketDispatcher.write(SocketDispatcher.java:47) ~[na:1.8.0_212]
	at sun.nio.ch.IOUtil.writeFromNativeBuffer(IOUtil.java:93) ~[na:1.8.0_212]
	at sun.nio.ch.IOUtil.write(IOUtil.java:65) ~[na:1.8.0_212]
	at sun.nio.ch.SocketChannelImpl.write(SocketChannelImpl.java:471) ~[na:1.8.0_212]
	at org.apache.tomcat.util.net.NioChannel.write(NioChannel.java:138) ~[tomcat-embed-core-9.0.41.jar!/:9.0.41]
	at org.apache.tomcat.util.net.NioBlockingSelector.write(NioBlockingSelector.java:101) ~[tomcat-embed-core-9.0.41.jar!/:9.0.41]
	at org.apache.tomcat.util.net.NioSelectorPool.write(NioSelectorPool.java:152) ~[tomcat-embed-core-9.0.41.jar!/:9.0.41]
	at org.apache.tomcat.util.net.NioEndpoint$NioSocketWrapper.doWrite(NioEndpoint.java:1253) ~[tomcat-embed-core-9.0.41.jar!/:9.0.41]
	at org.apache.tomcat.util.net.SocketWrapperBase.doWrite(SocketWrapperBase.java:764) ~[tomcat-embed-core-9.0.41.jar!/:9.0.41]
	at org.apache.tomcat.util.net.SocketWrapperBase.flushBlocking(SocketWrapperBase.java:717) ~[tomcat-embed-core-9.0.41.jar!/:9.0.41]
	at org.apache.tomcat.util.net.SocketWrapperBase.flush(SocketWrapperBase.java:707) ~[tomcat-embed-core-9.0.41.jar!/:9.0.41]
	at org.apache.coyote.http11.Http11OutputBuffer$SocketOutputBuffer.flush(Http11OutputBuffer.java:572) ~[tomcat-embed-core-9.0.41.jar!/:9.0.41]
	at org.apache.coyote.http11.filters.ChunkedOutputFilter.flush(ChunkedOutputFilter.java:157) ~[tomcat-embed-core-9.0.41.jar!/:9.0.41]
	at org.apache.coyote.http11.Http11OutputBuffer.flush(Http11OutputBuffer.java:220) ~[tomcat-embed-core-9.0.41.jar!/:9.0.41]
	at org.apache.coyote.http11.Http11Processor.flush(Http11Processor.java:1195) [tomcat-embed-core-9.0.41.jar!/:9.0.41]
	at org.apache.coyote.AbstractProcessor.action(AbstractProcessor.java:402) ~[tomcat-embed-core-9.0.41.jar!/:9.0.41]
	at org.apache.coyote.Response.action(Response.java:209) ~[tomcat-embed-core-9.0.41.jar!/:9.0.41]
	at org.apache.catalina.connector.OutputBuffer.doFlush(OutputBuffer.java:305) ~[tomcat-embed-core-9.0.41.jar!/:9.0.41]
	... 52 common frames omitted

/home/zhanhui/opt/module/anaconda3/envs/voice/bin/python gen_voice.py /home/zhanhui/test/text/story2 /home/zhanhui/test/audio/test.wav
